
System -> Booted the system @ 19:22 & 03-12-24
System -> Booted the system @ 19:22 & 03-12-24
Customer -> Logged in @ 19:22 & 03-12-24
Admin -> Created an Order @ 19:23 & 03-12-24
Customer -> Reserved a Table @ 19:23 & 03-12-24
Customer -> Viewed menu @ 19:23 & 03-12-24
Customer -> Filtered by Veg, Egg or Non-Veg options @ 19:24 & 03-12-24
Customer -> Filtered by Veg, Egg or Non-Veg options @ 19:24 & 03-12-24
Customer -> Filtered by Veg, Egg or Non-Veg options @ 19:24 & 03-12-24
Customer -> Viewed menu @ 19:24 & 03-12-24
Customer -> Ordered items @ 19:25 & 03-12-24
Customer -> Ordered items @ 19:25 & 03-12-24
Customer -> Ordered items @ 19:26 & 03-12-24
Customer -> Ordered items @ 19:26 & 03-12-24
Customer -> Ordered items @ 19:26 & 03-12-24
Customer -> Ordered items @ 19:26 & 03-12-24
Admin -> Logged in @ 19:29 & 03-12-24
Admin -> Managing orders @ 19:29 & 03-12-24
Admin -> Marked an order as complete @ 19:30 & 03-12-24
Admin -> Freed up a table for further use @ 19:30 & 03-12-24
Admin -> Logged in @ 19:31 & 03-12-24
Admin -> Logged in @ 19:33 & 03-12-24
Admin -> Analysed todays' sales @ 19:33 & 03-12-24
Admin -> Analysed sales in the last 30 days @ 19:34 & 03-12-24
Admin -> Logged in @ 19:34 & 03-12-24
Admin -> Managed Tables @ 19:34 & 03-12-24
Admin -> Managed Tables @ 19:35 & 03-12-24
Admin -> Logged in @ 19:35 & 03-12-24
Admin -> Logged in @ 19:35 & 03-12-24
Admin -> Managing orders @ 19:35 & 03-12-24
Admin -> Marked an order as complete @ 19:35 & 03-12-24
Admin -> Freed up a table for further use @ 19:35 & 03-12-24
Admin -> Logged in @ 19:35 & 03-12-24
Admin -> Managing orders @ 19:35 & 03-12-24
Admin -> Managing orders @ 19:35 & 03-12-24
Admin -> Marked an order as complete @ 19:35 & 03-12-24
Admin -> Freed up a table for further use @ 19:35 & 03-12-24
Admin -> Logged in @ 19:35 & 03-12-24
Admin -> Managed Tables @ 19:35 & 03-12-24
Admin -> Managed Tables @ 19:35 & 03-12-24
Admin -> Logged in @ 19:35 & 03-12-24
Admin -> Managing orders @ 19:35 & 03-12-24
Admin -> Logged in @ 19:36 & 03-12-24
Admin -> Managing orders @ 19:36 & 03-12-24
Admin -> Logged in @ 19:36 & 03-12-24
Admin -> Added an item @ 19:36 & 03-12-24
Admin -> Logged in @ 19:37 & 03-12-24
Admin -> Logged in @ 19:37 & 03-12-24
Admin -> Logged in @ 19:38 & 03-12-24
Admin -> Logged in @ 19:38 & 03-12-24
Customer -> Retrieved the bill @ 19:41 & 03-12-24
Customer -> Ordered Dishes @ 19:41 & 03-12-24
Customer -> Reserved a Table @ 19:41 & 03-12-24
System -> Booted the system @ 22:03 & 08-12-24
Customer -> Logged in @ 22:03 & 08-12-24
Admin -> Created an Order @ 22:03 & 08-12-24
Customer -> Reserved a Table @ 22:03 & 08-12-24
Customer -> Ordered items @ 22:04 & 08-12-24
Customer -> Ordered items @ 22:04 & 08-12-24
Customer -> Ordered items @ 22:04 & 08-12-24
Customer -> Ordered items @ 22:04 & 08-12-24
Customer -> Ordered items @ 22:04 & 08-12-24
Admin -> Logged in @ 22:05 & 08-12-24
Admin -> Managing orders @ 22:05 & 08-12-24
Admin -> Marked an order as complete @ 22:05 & 08-12-24
Admin -> Freed up a table for further use @ 22:05 & 08-12-24
Admin -> Logged in @ 22:05 & 08-12-24
Admin -> Logged in @ 22:06 & 08-12-24
Admin -> Analysed sales in the last 30 days @ 22:06 & 08-12-24
Admin -> Analysed todays' sales @ 22:07 & 08-12-24
Admin -> Analysed total revenue @ 22:08 & 08-12-24
Admin -> Logged in @ 22:08 & 08-12-24
Customer -> Retrieved the bill @ 22:08 & 08-12-24
Customer -> Ordered Dishes @ 22:08 & 08-12-24
Customer -> Ordered Dishes @ 22:08 & 08-12-24
Customer -> Reserved a Table @ 22:08 & 08-12-24
System -> Booted the system @ 22:08 & 08-12-24
System -> Booted the system @ 18:33 & 18-12-24
Customer -> Logged in @ 18:33 & 18-12-24
Customer -> Logged in @ 18:34 & 18-12-24
Admin -> Created an Order @ 18:34 & 18-12-24
Customer -> Reserved a Table @ 18:34 & 18-12-24
Customer -> Ordered items @ 18:34 & 18-12-24
Customer -> Ordered items @ 18:34 & 18-12-24
Customer -> Ordered items @ 18:34 & 18-12-24
Customer -> Ordered items @ 18:34 & 18-12-24
Customer -> Ordered items @ 18:34 & 18-12-24
Customer -> Ordered items @ 18:34 & 18-12-24
Customer -> Ordered items @ 18:34 & 18-12-24
Customer -> Ordered items @ 18:34 & 18-12-24
Admin -> Logged in @ 18:35 & 18-12-24
Admin -> Analysed sales in the last 30 days @ 18:35 & 18-12-24
